# JRE version: Java(TM) SE Runtime Environment (8.0_221-b11) (build 1.8.0_221-b11)
# Java VM: Java HotSpot(TM) 64-Bit Server VM (25.221-b11 mixed mode windows-amd64 compressed oops)
Heap:
 PSYoungGen      total 104960K, used 86528K [0x000000076b400000, 0x0000000775100000, 0x00000007c0000000)
  eden space 94208K, 91% used [0x000000076b400000,0x0000000770880020,0x0000000771000000)
  from space 10752K, 0% used [0x0000000771000000,0x0000000771000000,0x0000000771a80000)
  to   space 13824K, 0% used [0x0000000774380000,0x0000000774380000,0x0000000775100000)
 ParOldGen       total 110592K, used 17331K [0x00000006c1c00000, 0x00000006c8800000, 0x000000076b400000)
  object space 110592K, 15% used [0x00000006c1c00000,0x00000006c2cecdd8,0x00000006c8800000)
 Metaspace       used 41436K, capacity 43556K, committed 43776K, reserved 1087488K
  class space    used 5386K, capacity 5777K, committed 5888K, reserved 1048576K
GC Heap History (10 events):
Event: 2.895 GC heap before
{Heap before GC invocations=3 (full 1):
 PSYoungGen      total 76288K, used 10720K [0x000000076b400000, 0x0000000774900000, 0x00000007c0000000)
  eden space 65536K, 0% used [0x000000076b400000,0x000000076b400000,0x000000076f400000)
  from space 10752K, 99% used [0x000000076fe80000,0x00000007708f83f0,0x0000000770900000)
  to   space 10752K, 0% used [0x000000076f400000,0x000000076f400000,0x000000076fe80000)
 ParOldGen       total 175104K, used 266K [0x00000006c1c00000, 0x00000006cc700000, 0x000000076b400000)
  object space 175104K, 0% used [0x00000006c1c00000,0x00000006c1c42a10,0x00000006cc700000)
 Metaspace       used 20531K, capacity 21228K, committed 21296K, reserved 1067008K
  class space    used 2743K, capacity 2918K, committed 2944K, reserved 1048576K
Event: 2.936 GC heap after
Heap after GC invocations=3 (full 1):
 PSYoungGen      total 76288K, used 0K [0x000000076b400000, 0x0000000774900000, 0x00000007c0000000)
  eden space 65536K, 0% used [0x000000076b400000,0x000000076b400000,0x000000076f400000)
  from space 10752K, 0% used [0x000000076fe80000,0x000000076fe80000,0x0000000770900000)
  to   space 10752K, 0% used [0x000000076f400000,0x000000076f400000,0x000000076fe80000)
 ParOldGen       total 110592K, used 10401K [0x00000006c1c00000, 0x00000006c8800000, 0x000000076b400000)
  object space 110592K, 9% used [0x00000006c1c00000,0x00000006c26287d0,0x00000006c8800000)
 Metaspace       used 20529K, capacity 21222K, committed 21296K, reserved 1067008K
  class space    used 2743K, capacity 2917K, committed 2944K, reserved 1048576K
}
Event: 3.511 GC heap before
{Heap before GC invocations=4 (full 1):
 PSYoungGen      total 76288K, used 65536K [0x000000076b400000, 0x0000000774900000, 0x00000007c0000000)
  eden space 65536K, 100% used [0x000000076b400000,0x000000076f400000,0x000000076f400000)
  from space 10752K, 0% used [0x000000076fe80000,0x000000076fe80000,0x0000000770900000)
  to   space 10752K, 0% used [0x000000076f400000,0x000000076f400000,0x000000076fe80000)
 ParOldGen       total 110592K, used 10401K [0x00000006c1c00000, 0x00000006c8800000, 0x000000076b400000)
  object space 110592K, 9% used [0x00000006c1c00000,0x00000006c26287d0,0x00000006c8800000)
 Metaspace       used 24238K, capacity 25278K, committed 25344K, reserved 1071104K
  class space    used 3328K, capacity 3561K, committed 3584K, reserved 1048576K
Event: 3.514 GC heap after
Heap after GC invocations=4 (full 1):
 PSYoungGen      total 76288K, used 6119K [0x000000076b400000, 0x0000000772500000, 0x00000007c0000000)
  eden space 65536K, 0% used [0x000000076b400000,0x000000076b400000,0x000000076f400000)
  from space 10752K, 56% used [0x000000076f400000,0x000000076f9f9d28,0x000000076fe80000)
  to   space 10752K, 0% used [0x0000000771a80000,0x0000000771a80000,0x0000000772500000)
 ParOldGen       total 110592K, used 10409K [0x00000006c1c00000, 0x00000006c8800000, 0x000000076b400000)
  object space 110592K, 9% used [0x00000006c1c00000,0x00000006c262a7d0,0x00000006c8800000)
 Metaspace       used 24238K, capacity 25278K, committed 25344K, reserved 1071104K
  class space    used 3328K, capacity 3561K, committed 3584K, reserved 1048576K
}
Event: 4.026 GC heap before
{Heap before GC invocations=5 (full 1):
 PSYoungGen      total 76288K, used 71655K [0x000000076b400000, 0x0000000772500000, 0x00000007c0000000)
  eden space 65536K, 100% used [0x000000076b400000,0x000000076f400000,0x000000076f400000)
  from space 10752K, 56% used [0x000000076f400000,0x000000076f9f9d28,0x000000076fe80000)
  to   space 10752K, 0% used [0x0000000771a80000,0x0000000771a80000,0x0000000772500000)
 ParOldGen       total 110592K, used 10409K [0x00000006c1c00000, 0x00000006c8800000, 0x000000076b400000)
  object space 110592K, 9% used [0x00000006c1c00000,0x00000006c262a7d0,0x00000006c8800000)
 Metaspace       used 29158K, capacity 30754K, committed 30976K, reserved 1075200K
  class space    used 3986K, capacity 4313K, committed 4352K, reserved 1048576K
Event: 4.034 GC heap after
Heap after GC invocations=5 (full 1):
 PSYoungGen      total 104960K, used 9005K [0x000000076b400000, 0x0000000772600000, 0x00000007c0000000)
  eden space 94208K, 0% used [0x000000076b400000,0x000000076b400000,0x0000000771000000)
  from space 10752K, 83% used [0x0000000771a80000,0x000000077234b478,0x0000000772500000)
  to   space 10752K, 0% used [0x0000000771000000,0x0000000771000000,0x0000000771a80000)
 ParOldGen       total 110592K, used 10417K [0x00000006c1c00000, 0x00000006c8800000, 0x000000076b400000)
  object space 110592K, 9% used [0x00000006c1c00000,0x00000006c262c7d0,0x00000006c8800000)
 Metaspace       used 29158K, capacity 30754K, committed 30976K, reserved 1075200K
  class space    used 3986K, capacity 4313K, committed 4352K, reserved 1048576K
}
Event: 5.739 GC heap before
{Heap before GC invocations=6 (full 1):
 PSYoungGen      total 104960K, used 69526K [0x000000076b400000, 0x0000000772600000, 0x00000007c0000000)
  eden space 94208K, 64% used [0x000000076b400000,0x000000076ef1a4e0,0x0000000771000000)
  from space 10752K, 83% used [0x0000000771a80000,0x000000077234b478,0x0000000772500000)
  to   space 10752K, 0% used [0x0000000771000000,0x0000000771000000,0x0000000771a80000)
 ParOldGen       total 110592K, used 10417K [0x00000006c1c00000, 0x00000006c8800000, 0x000000076b400000)
  object space 110592K, 9% used [0x00000006c1c00000,0x00000006c262c7d0,0x00000006c8800000)
 Metaspace       used 33704K, capacity 35378K, committed 35496K, reserved 1079296K
  class space    used 4485K, capacity 4799K, committed 4864K, reserved 1048576K
Event: 5.747 GC heap after
Heap after GC invocations=6 (full 1):
 PSYoungGen      total 104960K, used 10739K [0x000000076b400000, 0x0000000775100000, 0x00000007c0000000)
  eden space 94208K, 0% used [0x000000076b400000,0x000000076b400000,0x0000000771000000)
  from space 10752K, 99% used [0x0000000771000000,0x0000000771a7cd10,0x0000000771a80000)
  to   space 13824K, 0% used [0x0000000774380000,0x0000000774380000,0x0000000775100000)
 ParOldGen       total 110592K, used 11983K [0x00000006c1c00000, 0x00000006c8800000, 0x000000076b400000)
  object space 110592K, 10% used [0x00000006c1c00000,0x00000006c27b3f68,0x00000006c8800000)
 Metaspace       used 33704K, capacity 35378K, committed 35496K, reserved 1079296K
  class space    used 4485K, capacity 4799K, committed 4864K, reserved 1048576K
}
Event: 5.747 GC heap before
{Heap before GC invocations=7 (full 2):
 PSYoungGen      total 104960K, used 10739K [0x000000076b400000, 0x0000000775100000, 0x00000007c0000000)
  eden space 94208K, 0% used [0x000000076b400000,0x000000076b400000,0x0000000771000000)
  from space 10752K, 99% used [0x0000000771000000,0x0000000771a7cd10,0x0000000771a80000)
  to   space 13824K, 0% used [0x0000000774380000,0x0000000774380000,0x0000000775100000)
 ParOldGen       total 110592K, used 11983K [0x00000006c1c00000, 0x00000006c8800000, 0x000000076b400000)
  object space 110592K, 10% used [0x00000006c1c00000,0x00000006c27b3f68,0x00000006c8800000)
 Metaspace       used 33704K, capacity 35378K, committed 35496K, reserved 1079296K
  class space    used 4485K, capacity 4799K, committed 4864K, reserved 1048576K
Event: 5.791 GC heap after
Heap after GC invocations=7 (full 2):
 PSYoungGen      total 104960K, used 0K [0x000000076b400000, 0x0000000775100000, 0x00000007c0000000)
  eden space 94208K, 0% used [0x000000076b400000,0x000000076b400000,0x0000000771000000)
  from space 10752K, 0% used [0x0000000771000000,0x0000000771000000,0x0000000771a80000)
  to   space 13824K, 0% used [0x0000000774380000,0x0000000774380000,0x0000000775100000)
 ParOldGen       total 110592K, used 17331K [0x00000006c1c00000, 0x00000006c8800000, 0x000000076b400000)
  object space 110592K, 15% used [0x00000006c1c00000,0x00000006c2cecdd8,0x00000006c8800000)
 Metaspace       used 33704K, capacity 35378K, committed 35496K, reserved 1079296K
  class space    used 4485K, capacity 4799K, committed 4864K, reserved 1048576K
}

